mode: count
github.com/tietang/props/consul_ini_source.go:20.76,22.2 1 1
github.com/tietang/props/consul_ini_source.go:24.88,26.19 2 1
github.com/tietang/props/consul_ini_source.go:29.5,35.19 7 1
github.com/tietang/props/consul_ini_source.go:38.5,41.13 4 1
github.com/tietang/props/consul_ini_source.go:26.19,28.6 1 1
github.com/tietang/props/consul_ini_source.go:35.19,36.19 1 0
github.com/tietang/props/consul_ini_source.go:44.40,46.2 1 1
github.com/tietang/props/consul_ini_source.go:48.48,50.2 0 0
github.com/tietang/props/consul_ini_source.go:52.41,53.2 0 0
github.com/tietang/props/consul_ini_source.go:55.86,59.19 4 1
github.com/tietang/props/consul_ini_source.go:63.5,63.28 1 1
github.com/tietang/props/consul_ini_source.go:59.19,62.6 2 0
github.com/tietang/props/consul_ini_source.go:63.28,65.23 2 10
github.com/tietang/props/consul_ini_source.go:70.9,72.42 3 10
github.com/tietang/props/consul_ini_source.go:65.23,67.21 2 0
github.com/tietang/props/consul_ini_source.go:72.42,76.10 3 30
github.com/tietang/props/consul_ini_source.go:82.81,86.2 3 30
github.com/tietang/props/consul_ini_source.go:88.70,92.2 2 30
github.com/tietang/props/consul_ini_source.go:94.47,96.2 1 0
github.com/tietang/props/consul_kv_source.go:19.86,21.2 1 1
github.com/tietang/props/consul_kv_source.go:23.98,25.19 2 1
github.com/tietang/props/consul_kv_source.go:28.5,34.19 7 1
github.com/tietang/props/consul_kv_source.go:37.5,40.13 4 1
github.com/tietang/props/consul_kv_source.go:25.19,27.6 1 1
github.com/tietang/props/consul_kv_source.go:34.19,35.19 1 0
github.com/tietang/props/consul_kv_source.go:43.103,46.38 3 0
github.com/tietang/props/consul_kv_source.go:51.5,51.13 1 0
github.com/tietang/props/consul_kv_source.go:46.38,49.6 2 0
github.com/tietang/props/consul_kv_source.go:54.45,56.2 1 1
github.com/tietang/props/consul_kv_source.go:58.53,60.2 0 0
github.com/tietang/props/consul_kv_source.go:62.46,63.2 0 0
github.com/tietang/props/consul_kv_source.go:65.91,69.19 4 1
github.com/tietang/props/consul_kv_source.go:73.5,73.28 1 1
github.com/tietang/props/consul_kv_source.go:69.19,72.6 2 0
github.com/tietang/props/consul_kv_source.go:73.28,75.23 2 10
github.com/tietang/props/consul_kv_source.go:79.9,80.37 2 10
github.com/tietang/props/consul_kv_source.go:75.23,77.21 2 0
github.com/tietang/props/consul_kv_source.go:85.86,89.2 3 10
github.com/tietang/props/consul_kv_source.go:91.75,95.2 2 10
github.com/tietang/props/consul_kv_source.go:97.52,99.2 1 0
github.com/tietang/props/props.go:28.34,34.2 3 68
github.com/tietang/props/props.go:38.55,41.19 3 48
github.com/tietang/props/props.go:45.5,45.18 1 48
github.com/tietang/props/props.go:41.19,44.6 2 0
github.com/tietang/props/props.go:48.54,55.19 2 2
github.com/tietang/props/props.go:58.5,59.19 2 2
github.com/tietang/props/props.go:62.5,63.31 2 2
github.com/tietang/props/props.go:73.5,73.18 1 2
github.com/tietang/props/props.go:55.19,56.19 1 0
github.com/tietang/props/props.go:59.19,60.19 1 0
github.com/tietang/props/props.go:63.31,64.29 1 2
github.com/tietang/props/props.go:64.29,66.27 2 0
github.com/tietang/props/props.go:66.27,68.14 1 0
github.com/tietang/props/props.go:68.14,70.14 1 0
github.com/tietang/props/props.go:76.45,80.19 3 0
github.com/tietang/props/props.go:85.5,85.21 1 0
github.com/tietang/props/props.go:80.19,84.6 3 0
github.com/tietang/props/props.go:88.46,91.9 2 68
github.com/tietang/props/props.go:127.5,127.15 1 0
github.com/tietang/props/props.go:91.9,93.23 2 615
github.com/tietang/props/props.go:101.9,104.25 3 547
github.com/tietang/props/props.go:107.9,108.53 2 419
github.com/tietang/props/props.go:112.9,114.22 3 395
github.com/tietang/props/props.go:117.9,118.22 2 395
github.com/tietang/props/props.go:121.9,122.23 2 395
github.com/tietang/props/props.go:93.23,94.30 1 68
github.com/tietang/props/props.go:94.30,96.14 1 68
github.com/tietang/props/props.go:96.14,98.14 1 0
github.com/tietang/props/props.go:104.25,105.21 1 128
github.com/tietang/props/props.go:108.53,109.21 1 24
github.com/tietang/props/props.go:114.22,116.10 1 64
github.com/tietang/props/props.go:118.22,119.21 1 0
github.com/tietang/props/props.go:122.23,124.10 1 359
github.com/tietang/props/props.go:136.47,137.32 1 0
github.com/tietang/props/props.go:145.5,145.15 1 0
github.com/tietang/props/props.go:137.32,141.23 3 0
github.com/tietang/props/props.go:141.23,143.10 1 0
github.com/tietang/props/props.go:151.40,155.26 3 0
github.com/tietang/props/props.go:190.5,190.24 1 0
github.com/tietang/props/props.go:155.26,157.23 2 0
github.com/tietang/props/props.go:186.9,186.22 1 0
github.com/tietang/props/props.go:157.23,159.10 1 0
github.com/tietang/props/props.go:159.10,159.30 1 0
github.com/tietang/props/props.go:159.30,161.10 1 0
github.com/tietang/props/props.go:161.10,161.30 1 0
github.com/tietang/props/props.go:161.30,163.10 1 0
github.com/tietang/props/props.go:163.10,163.30 1 0
github.com/tietang/props/props.go:163.30,165.10 1 0
github.com/tietang/props/props.go:165.10,165.29 1 0
github.com/tietang/props/props.go:165.29,166.31 1 0
github.com/tietang/props/props.go:166.31,169.14 2 0
github.com/tietang/props/props.go:169.14,171.14 1 0
github.com/tietang/props/props.go:172.10,172.29 1 0
github.com/tietang/props/props.go:172.29,174.10 1 0
github.com/tietang/props/props.go:174.10,174.29 1 0
github.com/tietang/props/props.go:174.29,176.10 1 0
github.com/tietang/props/props.go:176.10,176.29 1 0
github.com/tietang/props/props.go:176.29,178.10 1 0
github.com/tietang/props/props.go:178.10,178.29 1 0
github.com/tietang/props/props.go:178.29,180.10 1 0
github.com/tietang/props/props.go:180.10,180.52 1 0
github.com/tietang/props/props.go:180.52,182.10 1 0
github.com/tietang/props/props.go:182.10,184.10 1 0
github.com/tietang/props/props.go:186.22,188.10 1 0
github.com/tietang/props/zkutils.go:18.79,20.2 1 20
github.com/tietang/props/zkutils.go:22.77,26.30 3 28
github.com/tietang/props/zkutils.go:29.5,29.60 1 28
github.com/tietang/props/zkutils.go:26.30,28.6 1 8
github.com/tietang/props/zkutils.go:32.47,34.17 2 48
github.com/tietang/props/zkutils.go:37.5,37.13 1 48
github.com/tietang/props/zkutils.go:34.17,36.6 1 0
github.com/tietang/props/zkutils.go:40.53,42.9 2 0
github.com/tietang/props/zkutils.go:42.9,46.42 4 0
github.com/tietang/props/zkutils.go:46.42,49.10 2 0
github.com/tietang/props/zkutils.go:52.53,54.9 2 0
github.com/tietang/props/zkutils.go:54.9,58.42 4 0
github.com/tietang/props/zkutils.go:58.42,61.10 2 0
github.com/tietang/props/zkutils.go:65.56,66.9 1 0
github.com/tietang/props/zkutils.go:66.9,70.6 3 0
github.com/tietang/props/zkutils.go:73.57,74.9 1 0
github.com/tietang/props/zkutils.go:74.9,78.6 3 0
github.com/tietang/props/zkutils.go:81.38,86.16 5 1
github.com/tietang/props/zkutils.go:91.5,91.14 1 0
github.com/tietang/props/zkutils.go:86.16,88.6 1 0
github.com/tietang/props/zkutils.go:88.6,90.6 1 0
github.com/tietang/props/zkutils.go:94.35,99.16 5 1
github.com/tietang/props/zkutils.go:104.5,104.14 1 1
github.com/tietang/props/zkutils.go:99.16,101.6 1 1
github.com/tietang/props/zkutils.go:101.6,103.6 1 0
github.com/tietang/props/zkutils.go:106.32,108.9 2 1
github.com/tietang/props/zkutils.go:108.9,110.23 2 1
github.com/tietang/props/zkutils.go:113.9,113.48 1 1
github.com/tietang/props/zkutils.go:110.23,111.21 1 0
github.com/tietang/props/zkutils.go:113.48,115.18 2 1
github.com/tietang/props/zkutils.go:121.60,130.19 4 2
github.com/tietang/props/zkutils.go:135.5,140.9 3 2
github.com/tietang/props/zkutils.go:147.5,149.16 3 1
github.com/tietang/props/zkutils.go:130.19,133.6 2 0
github.com/tietang/props/zkutils.go:140.9,142.42 2 3
github.com/tietang/props/zkutils.go:145.9,145.26 1 1
github.com/tietang/props/zkutils.go:142.42,143.18 1 1
github.com/tietang/props/config_source.go:58.61,60.2 1 1
github.com/tietang/props/config_source.go:62.92,64.2 1 2
github.com/tietang/props/config_source.go:66.98,71.19 2 3
github.com/tietang/props/config_source.go:74.5,75.38 2 3
github.com/tietang/props/config_source.go:78.5,78.13 1 3
github.com/tietang/props/config_source.go:71.19,73.6 1 0
github.com/tietang/props/config_source.go:75.38,77.6 1 2
github.com/tietang/props/config_source.go:81.49,83.2 1 0
github.com/tietang/props/config_source.go:84.46,86.2 1 0
github.com/tietang/props/config_source.go:87.56,88.54 1 2
github.com/tietang/props/config_source.go:94.5,94.54 1 2
github.com/tietang/props/config_source.go:88.54,90.34 2 3
github.com/tietang/props/config_source.go:90.34,92.10 1 0
github.com/tietang/props/config_source.go:98.66,105.54 3 18
github.com/tietang/props/config_source.go:115.5,115.29 1 18
github.com/tietang/props/config_source.go:121.5,121.18 1 14
github.com/tietang/props/config_source.go:105.54,108.23 3 18
github.com/tietang/props/config_source.go:108.23,111.18 3 18
github.com/tietang/props/config_source.go:115.29,120.6 4 4
github.com/tietang/props/config_source.go:121.18,125.6 3 14
github.com/tietang/props/config_source.go:125.6,129.6 3 0
github.com/tietang/props/config_source.go:131.64,133.2 1 0
github.com/tietang/props/config_source.go:134.58,136.2 1 0
github.com/tietang/props/config_source.go:137.66,139.2 1 0
github.com/tietang/props/config_source.go:140.73,142.2 1 0
github.com/tietang/props/config_source.go:143.67,145.2 1 16
github.com/tietang/props/config_source.go:147.86,149.19 2 0
github.com/tietang/props/config_source.go:152.5,152.13 1 0
github.com/tietang/props/config_source.go:149.19,151.6 1 0
github.com/tietang/props/config_source.go:154.67,156.19 2 2
github.com/tietang/props/config_source.go:156.19,158.6 1 2
github.com/tietang/props/config_source.go:158.6,160.6 1 0
github.com/tietang/props/config_source.go:163.82,165.19 2 0
github.com/tietang/props/config_source.go:165.19,167.6 1 0
github.com/tietang/props/config_source.go:167.6,169.6 1 0
github.com/tietang/props/config_source.go:172.69,175.19 2 0
github.com/tietang/props/config_source.go:175.19,177.6 1 0
github.com/tietang/props/config_source.go:177.6,179.6 1 0
github.com/tietang/props/config_source.go:182.75,184.19 2 0
github.com/tietang/props/config_source.go:184.19,186.6 1 0
github.com/tietang/props/config_source.go:186.6,188.6 1 0
github.com/tietang/props/config_source.go:191.83,194.19 2 0
github.com/tietang/props/config_source.go:194.19,196.23 2 0
github.com/tietang/props/config_source.go:196.23,198.10 1 0
github.com/tietang/props/config_source.go:198.10,200.10 1 0
github.com/tietang/props/config_source.go:201.6,203.6 1 0
github.com/tietang/props/config_source.go:206.108,209.19 2 0
github.com/tietang/props/config_source.go:209.19,211.23 2 0
github.com/tietang/props/config_source.go:211.23,213.10 1 0
github.com/tietang/props/config_source.go:213.10,215.10 1 0
github.com/tietang/props/config_source.go:216.6,218.6 1 0
github.com/tietang/props/config_source.go:222.86,225.19 2 0
github.com/tietang/props/config_source.go:225.19,227.23 2 0
github.com/tietang/props/config_source.go:227.23,229.10 1 0
github.com/tietang/props/config_source.go:229.10,231.10 1 0
github.com/tietang/props/config_source.go:232.6,234.6 1 0
github.com/tietang/props/config_source.go:237.95,240.19 2 0
github.com/tietang/props/config_source.go:240.19,242.23 2 0
github.com/tietang/props/config_source.go:242.23,244.10 1 0
github.com/tietang/props/config_source.go:244.10,246.10 1 0
github.com/tietang/props/config_source.go:247.6,249.6 1 0
github.com/tietang/props/config_source.go:251.56,252.47 1 0
github.com/tietang/props/config_source.go:255.68,256.47 1 0
github.com/tietang/props/config_source.go:259.68,261.2 1 0
github.com/tietang/props/config_source.go:263.51,266.54 2 2
github.com/tietang/props/config_source.go:273.5,274.50 2 2
github.com/tietang/props/config_source.go:278.5,278.16 1 2
github.com/tietang/props/config_source.go:266.54,269.30 3 6
github.com/tietang/props/config_source.go:269.30,271.10 1 108
github.com/tietang/props/config_source.go:274.50,277.6 2 104
github.com/tietang/props/config_source.go:281.72,305.2 2 18
github.com/tietang/props/config_source.go:307.75,308.43 1 4
github.com/tietang/props/config_source.go:320.5,320.22 1 0
github.com/tietang/props/config_source.go:308.43,310.82 2 4
github.com/tietang/props/config_source.go:318.9,318.24 1 4
github.com/tietang/props/config_source.go:310.82,312.27 2 6
github.com/tietang/props/config_source.go:312.27,314.14 1 6
github.com/tietang/props/config_source.go:314.14,316.14 1 0
github.com/tietang/props/config_source.go:323.84,326.22 2 0
github.com/tietang/props/config_source.go:329.5,330.27 2 0
github.com/tietang/props/config_source.go:343.5,343.50 1 0
github.com/tietang/props/config_source.go:326.22,328.6 1 0
github.com/tietang/props/config_source.go:330.27,333.26 2 0
github.com/tietang/props/config_source.go:337.9,338.23 2 0
github.com/tietang/props/config_source.go:333.26,336.10 2 0
github.com/tietang/props/config_source.go:338.23,340.10 1 0
github.com/tietang/props/set.go:12.20,16.2 1 2
github.com/tietang/props/set.go:17.61,19.27 1 2
github.com/tietang/props/set.go:19.27,21.28 2 104
github.com/tietang/props/set.go:21.28,22.18 1 0
github.com/tietang/props/set.go:27.37,31.2 3 108
github.com/tietang/props/set.go:33.40,37.2 3 0
github.com/tietang/props/set.go:38.42,43.2 4 0
github.com/tietang/props/set.go:44.33,46.2 1 0
github.com/tietang/props/set.go:47.23,51.2 3 0
github.com/tietang/props/set.go:52.30,53.21 1 0
github.com/tietang/props/set.go:56.5,56.17 1 0
github.com/tietang/props/set.go:53.21,55.6 1 0
github.com/tietang/props/set.go:58.36,62.27 4 0
github.com/tietang/props/set.go:65.5,65.16 1 0
github.com/tietang/props/set.go:62.27,64.6 1 0
github.com/tietang/props/zk_ini_source.go:21.104,29.2 7 1
github.com/tietang/props/zk_ini_source.go:31.43,33.2 1 1
github.com/tietang/props/zk_ini_source.go:35.44,37.2 1 0
github.com/tietang/props/zk_ini_source.go:39.64,41.27 2 1
github.com/tietang/props/zk_ini_source.go:44.5,44.32 1 1
github.com/tietang/props/zk_ini_source.go:41.27,43.6 1 0
github.com/tietang/props/zk_ini_source.go:44.32,49.23 3 10
github.com/tietang/props/zk_ini_source.go:49.23,52.46 3 10
github.com/tietang/props/zk_ini_source.go:52.46,56.14 3 30
github.com/tietang/props/zk_ini_source.go:63.84,65.34 2 10
github.com/tietang/props/zk_ini_source.go:68.5,68.18 1 10
github.com/tietang/props/zk_ini_source.go:65.34,67.6 1 0
github.com/tietang/props/zk_ini_source.go:71.75,73.19 2 1
github.com/tietang/props/zk_ini_source.go:76.5,76.20 1 1
github.com/tietang/props/zk_ini_source.go:73.19,75.6 1 0
github.com/tietang/props/zk_ini_source.go:79.84,83.2 3 30
github.com/tietang/props/zk_ini_source.go:85.73,89.2 2 30
github.com/tietang/props/zk_ini_source.go:91.50,93.2 1 0
github.com/tietang/props/zk_ini_source.go:95.93,97.2 1 0
github.com/tietang/props/zk_ini_source.go:99.101,102.2 2 0
github.com/tietang/props/zk_ini_source.go:104.105,106.19 2 0
github.com/tietang/props/zk_ini_source.go:109.5,113.38 4 0
github.com/tietang/props/zk_ini_source.go:116.5,117.42 2 0
github.com/tietang/props/zk_ini_source.go:106.19,107.19 1 0
github.com/tietang/props/zk_ini_source.go:113.38,115.6 1 0
github.com/tietang/props/zk_ini_source.go:120.100,123.16 3 0
github.com/tietang/props/zk_ini_source.go:126.5,128.19 3 0
github.com/tietang/props/zk_ini_source.go:131.5,136.38 4 0
github.com/tietang/props/zk_ini_source.go:139.5,140.37 2 0
github.com/tietang/props/zk_ini_source.go:123.16,125.6 1 0
github.com/tietang/props/zk_ini_source.go:128.19,129.19 1 0
github.com/tietang/props/zk_ini_source.go:136.38,138.6 1 0
github.com/tietang/props/zk_source.go:26.98,34.2 7 1
github.com/tietang/props/zk_source.go:36.123,39.19 2 0
github.com/tietang/props/zk_source.go:43.5,43.9 1 0
github.com/tietang/props/zk_source.go:50.5,50.67 1 0
github.com/tietang/props/zk_source.go:39.19,41.19 2 0
github.com/tietang/props/zk_source.go:43.9,46.45 3 0
github.com/tietang/props/zk_source.go:46.45,47.18 1 0
github.com/tietang/props/zk_source.go:53.103,56.38 3 0
github.com/tietang/props/zk_source.go:60.5,60.13 1 0
github.com/tietang/props/zk_source.go:56.38,59.6 2 0
github.com/tietang/props/zk_source.go:63.40,65.2 1 1
github.com/tietang/props/zk_source.go:67.41,69.2 1 0
github.com/tietang/props/zk_source.go:71.86,73.27 1 13
github.com/tietang/props/zk_source.go:76.5,76.27 1 13
github.com/tietang/props/zk_source.go:79.5,79.32 1 3
github.com/tietang/props/zk_source.go:73.27,75.6 1 11
github.com/tietang/props/zk_source.go:76.27,78.6 1 10
github.com/tietang/props/zk_source.go:79.32,85.23 4 12
github.com/tietang/props/zk_source.go:89.9,89.37 1 12
github.com/tietang/props/zk_source.go:85.23,87.10 1 10
github.com/tietang/props/zk_source.go:95.81,97.34 2 12
github.com/tietang/props/zk_source.go:100.5,100.26 1 10
github.com/tietang/props/zk_source.go:97.34,99.6 1 2
github.com/tietang/props/zk_source.go:103.72,105.19 2 23
github.com/tietang/props/zk_source.go:108.5,108.20 1 23
github.com/tietang/props/zk_source.go:105.19,107.6 1 0
github.com/tietang/props/zk_source.go:111.81,115.2 3 10
github.com/tietang/props/zk_source.go:117.70,121.2 2 10
github.com/tietang/props/zk_source.go:123.47,125.2 1 0
github.com/tietang/props/zk_source.go:127.90,129.2 1 0
github.com/tietang/props/zk_source.go:131.98,134.2 2 0
github.com/tietang/props/zk_source.go:136.102,138.19 2 0
github.com/tietang/props/zk_source.go:141.5,145.38 4 0
github.com/tietang/props/zk_source.go:148.5,149.42 2 0
github.com/tietang/props/zk_source.go:138.19,139.19 1 0
github.com/tietang/props/zk_source.go:145.38,147.6 1 0
github.com/tietang/props/zk_source.go:152.97,155.16 3 0
github.com/tietang/props/zk_source.go:158.5,160.19 3 0
github.com/tietang/props/zk_source.go:163.5,168.38 4 0
github.com/tietang/props/zk_source.go:171.5,172.37 2 0
github.com/tietang/props/zk_source.go:155.16,157.6 1 0
github.com/tietang/props/zk_source.go:160.19,161.19 1 0
github.com/tietang/props/zk_source.go:168.38,170.6 1 0
github.com/tietang/props/env_source.go:14.44,19.2 4 3
github.com/tietang/props/env_source.go:21.34,23.28 2 3
github.com/tietang/props/env_source.go:23.28,25.20 2 150
github.com/tietang/props/env_source.go:25.20,27.10 1 150
github.com/tietang/props/env_source.go:30.41,33.2 1 2
github.com/tietang/props/ini.go:17.40,23.2 3 46
github.com/tietang/props/ini.go:27.51,30.19 3 46
github.com/tietang/props/ini.go:34.5,34.18 1 46
github.com/tietang/props/ini.go:30.19,33.6 2 0
github.com/tietang/props/ini.go:37.52,42.19 3 0
github.com/tietang/props/ini.go:47.5,47.25 1 0
github.com/tietang/props/ini.go:42.19,46.6 3 0
github.com/tietang/props/ini.go:50.49,54.19 3 46
github.com/tietang/props/ini.go:58.5,59.38 2 46
github.com/tietang/props/ini.go:69.5,69.15 1 46
github.com/tietang/props/ini.go:54.19,57.6 2 0
github.com/tietang/props/ini.go:59.38,61.43 2 92
github.com/tietang/props/ini.go:61.43,66.10 4 283
github.com/tietang/props/ini.go:78.50,81.2 2 0
github.com/tietang/props/props_source.go:19.73,22.2 2 2
github.com/tietang/props/props_source.go:24.81,29.19 3 2
github.com/tietang/props/props_source.go:34.5,39.13 6 2
github.com/tietang/props/props_source.go:29.19,31.6 1 2
github.com/tietang/props/props_source.go:31.6,33.6 1 0
github.com/tietang/props/props_source.go:42.96,45.18 3 0
github.com/tietang/props/props_source.go:50.5,50.13 1 0
github.com/tietang/props/props_source.go:45.18,47.6 1 0
github.com/tietang/props/props_source.go:47.6,49.6 1 0
github.com/tietang/props/props_source.go:53.85,56.36 3 0
github.com/tietang/props/props_source.go:60.5,60.13 1 0
github.com/tietang/props/props_source.go:56.36,59.6 2 0
github.com/tietang/props/props_source.go:62.67,64.19 2 4
github.com/tietang/props/props_source.go:70.5,71.13 2 4
github.com/tietang/props/props_source.go:64.19,66.6 1 0
github.com/tietang/props/props_source.go:66.6,68.6 1 4
github.com/tietang/props/props_source.go:73.48,75.2 1 4
github.com/tietang/props/props_source.go:77.52,79.2 1 0
github.com/tietang/props/ini_source.go:20.67,23.2 2 0
github.com/tietang/props/ini_source.go:25.75,30.19 3 0
github.com/tietang/props/ini_source.go:35.5,40.13 6 0
github.com/tietang/props/ini_source.go:30.19,32.6 1 0
github.com/tietang/props/ini_source.go:32.6,34.6 1 0
github.com/tietang/props/ini_source.go:43.82,46.36 3 0
github.com/tietang/props/ini_source.go:50.5,50.13 1 0
github.com/tietang/props/ini_source.go:46.36,49.6 2 0
github.com/tietang/props/ini_source.go:53.45,55.2 1 0
github.com/tietang/props/ini_source.go:57.49,59.2 1 0
github.com/tietang/props/map_props.go:21.40,26.2 2 0
github.com/tietang/props/map_props.go:28.65,33.2 2 0
github.com/tietang/props/map_props.go:35.39,37.2 1 0
github.com/tietang/props/map_props.go:40.56,44.2 3 0
github.com/tietang/props/map_props.go:45.54,47.2 1 0
github.com/tietang/props/map_props.go:48.48,50.2 1 0
github.com/tietang/props/map_props.go:51.56,53.2 1 0
github.com/tietang/props/map_props.go:54.63,56.2 1 0
github.com/tietang/props/map_props.go:60.57,61.35 1 134
github.com/tietang/props/map_props.go:64.5,64.56 1 9
github.com/tietang/props/map_props.go:61.35,63.6 1 125
github.com/tietang/props/map_props.go:69.63,70.35 1 60
github.com/tietang/props/map_props.go:73.5,73.18 1 0
github.com/tietang/props/map_props.go:70.35,72.6 1 60
github.com/tietang/props/map_props.go:76.57,79.46 2 10
github.com/tietang/props/map_props.go:82.5,82.55 1 4
github.com/tietang/props/map_props.go:79.46,81.6 1 6
github.com/tietang/props/map_props.go:85.67,86.35 1 8
github.com/tietang/props/map_props.go:91.5,91.18 1 8
github.com/tietang/props/map_props.go:86.35,87.50 1 4
github.com/tietang/props/map_props.go:87.50,89.10 1 0
github.com/tietang/props/map_props.go:93.59,96.51 2 22
github.com/tietang/props/map_props.go:99.5,99.59 1 6
github.com/tietang/props/map_props.go:96.51,98.6 1 16
github.com/tietang/props/map_props.go:102.70,103.35 1 8
github.com/tietang/props/map_props.go:108.5,108.18 1 8
github.com/tietang/props/map_props.go:103.35,104.55 1 6
github.com/tietang/props/map_props.go:104.55,106.10 1 0
github.com/tietang/props/map_props.go:111.65,114.56 2 0
github.com/tietang/props/map_props.go:117.5,117.57 1 0
github.com/tietang/props/map_props.go:114.56,116.6 1 0
github.com/tietang/props/map_props.go:120.79,121.35 1 0
github.com/tietang/props/map_props.go:126.5,126.18 1 0
github.com/tietang/props/map_props.go:121.35,122.60 1 0
github.com/tietang/props/map_props.go:122.60,124.10 1 0
github.com/tietang/props/map_props.go:132.72,134.19 2 12
github.com/tietang/props/map_props.go:138.5,138.25 1 10
github.com/tietang/props/map_props.go:134.19,137.6 1 2
github.com/tietang/props/map_props.go:141.98,142.35 1 8
github.com/tietang/props/map_props.go:147.5,147.24 1 8
github.com/tietang/props/map_props.go:142.35,143.48 1 4
github.com/tietang/props/map_props.go:143.48,145.10 1 0
github.com/tietang/props/map_props.go:150.50,154.19 3 24
github.com/tietang/props/map_props.go:157.5,157.33 1 18
github.com/tietang/props/map_props.go:154.19,156.6 1 6
github.com/tietang/props/map_props.go:169.41,171.32 2 32
github.com/tietang/props/map_props.go:174.5,174.16 1 32
github.com/tietang/props/map_props.go:171.32,173.6 1 254
github.com/tietang/props/map_props.go:178.46,180.2 1 244
github.com/tietang/props/map_props.go:181.58,182.30 1 0
github.com/tietang/props/map_props.go:182.30,184.6 1 0
github.com/tietang/props/map_props.go:189.33,191.2 1 0
github.com/tietang/props/map_props.go:193.58,195.2 1 0
github.com/tietang/props/map_props.go:197.77,200.2 2 0
github.com/tietang/props/map_props.go:201.82,215.58 5 0
github.com/tietang/props/map_props.go:221.5,222.30 2 0
github.com/tietang/props/map_props.go:379.5,379.15 1 0
github.com/tietang/props/map_props.go:215.58,220.6 1 0
github.com/tietang/props/map_props.go:222.30,224.36 2 0
github.com/tietang/props/map_props.go:227.9,230.30 3 0
github.com/tietang/props/map_props.go:252.9,255.48 3 0
github.com/tietang/props/map_props.go:262.9,262.29 1 0
github.com/tietang/props/map_props.go:224.36,225.21 1 0
github.com/tietang/props/map_props.go:230.30,231.24 1 0
github.com/tietang/props/map_props.go:234.13,234.57 1 0
github.com/tietang/props/map_props.go:231.24,232.25 1 0
github.com/tietang/props/map_props.go:234.57,235.47 1 0
github.com/tietang/props/map_props.go:235.47,237.18 1 0
github.com/tietang/props/map_props.go:238.14,239.33 1 0
github.com/tietang/props/map_props.go:239.33,241.18 1 0
github.com/tietang/props/map_props.go:241.18,243.18 1 0
github.com/tietang/props/map_props.go:255.48,256.21 1 0
github.com/tietang/props/map_props.go:263.29,265.37 1 0
github.com/tietang/props/map_props.go:268.13,269.38 2 0
github.com/tietang/props/map_props.go:275.13,276.18 2 0
github.com/tietang/props/map_props.go:277.85,279.50 1 0
github.com/tietang/props/map_props.go:303.13,303.18 1 0
github.com/tietang/props/map_props.go:305.90,309.18 3 0
github.com/tietang/props/map_props.go:311.47,314.27 2 0
github.com/tietang/props/map_props.go:316.13,316.35 1 0
github.com/tietang/props/map_props.go:320.13,321.38 2 0
github.com/tietang/props/map_props.go:327.13,328.18 2 0
github.com/tietang/props/map_props.go:330.27,332.27 2 0
github.com/tietang/props/map_props.go:334.13,334.29 1 0
github.com/tietang/props/map_props.go:338.13,339.38 2 0
github.com/tietang/props/map_props.go:345.13,347.18 2 0
github.com/tietang/props/map_props.go:348.26,352.50 3 0
github.com/tietang/props/map_props.go:355.13,355.42 1 0
github.com/tietang/props/map_props.go:369.13,369.18 1 0
github.com/tietang/props/map_props.go:370.13,370.18 1 0
github.com/tietang/props/map_props.go:371.29,374.18 2 0
github.com/tietang/props/map_props.go:375.17,375.17 0 0
github.com/tietang/props/map_props.go:265.37,267.14 1 0
github.com/tietang/props/map_props.go:269.38,271.31 2 0
github.com/tietang/props/map_props.go:271.31,273.18 1 0
github.com/tietang/props/map_props.go:279.50,281.31 2 0
github.com/tietang/props/map_props.go:283.17,283.37 1 0
github.com/tietang/props/map_props.go:286.17,287.42 2 0
github.com/tietang/props/map_props.go:293.17,293.48 1 0
github.com/tietang/props/map_props.go:281.31,282.18 0 0
github.com/tietang/props/map_props.go:283.37,285.18 1 0
github.com/tietang/props/map_props.go:287.42,289.34 2 0
github.com/tietang/props/map_props.go:289.34,291.22 1 0
github.com/tietang/props/map_props.go:295.14,301.14 2 0
github.com/tietang/props/map_props.go:314.27,315.14 0 0
github.com/tietang/props/map_props.go:316.35,318.14 1 0
github.com/tietang/props/map_props.go:321.38,323.30 2 0
github.com/tietang/props/map_props.go:323.30,325.18 1 0
github.com/tietang/props/map_props.go:332.27,333.14 0 0
github.com/tietang/props/map_props.go:334.29,336.14 1 0
github.com/tietang/props/map_props.go:339.38,341.25 2 0
github.com/tietang/props/map_props.go:341.25,343.18 1 0
github.com/tietang/props/map_props.go:352.50,354.14 1 0
github.com/tietang/props/map_props.go:355.42,356.40 1 0
github.com/tietang/props/map_props.go:356.40,357.50 1 0
github.com/tietang/props/map_props.go:357.50,362.39 5 0
github.com/tietang/props/map_props.go:362.39,365.26 1 0
github.com/tietang/props/map_props.go:382.73,383.23 1 0
github.com/tietang/props/map_props.go:399.5,399.19 1 0
github.com/tietang/props/map_props.go:384.81,385.37 1 0
github.com/tietang/props/map_props.go:390.103,391.27 1 0
github.com/tietang/props/map_props.go:392.43,393.28 1 0
github.com/tietang/props/map_props.go:394.25,395.32 1 0
github.com/tietang/props/map_props.go:396.23,397.25 1 0
github.com/tietang/props/map_props.go:385.37,387.10 1 0
github.com/tietang/props/map_props.go:387.10,389.10 1 0
github.com/tietang/props/map_props.go:402.82,405.19 3 0
github.com/tietang/props/map_props.go:407.5,407.26 1 0
github.com/tietang/props/map_props.go:411.5,412.30 2 0
github.com/tietang/props/map_props.go:418.5,418.20 1 0
github.com/tietang/props/map_props.go:405.19,406.6 0 0
github.com/tietang/props/map_props.go:407.26,409.6 1 0
github.com/tietang/props/map_props.go:412.30,414.22 2 0
github.com/tietang/props/map_props.go:414.22,416.10 1 0
github.com/tietang/props/map_props.go:423.35,427.37 4 0
github.com/tietang/props/map_props.go:439.5,439.16 1 0
github.com/tietang/props/map_props.go:427.37,428.39 1 0
github.com/tietang/props/map_props.go:428.39,429.23 1 0
github.com/tietang/props/map_props.go:429.23,431.14 1 0
github.com/tietang/props/map_props.go:431.14,432.44 1 0
github.com/tietang/props/map_props.go:435.17,435.57 1 0
github.com/tietang/props/map_props.go:432.44,434.18 1 0
github.com/tietang/props/value.go:17.13,21.2 1 1
github.com/tietang/props/value.go:32.45,34.2 1 20
github.com/tietang/props/value.go:37.64,39.21 2 0
github.com/tietang/props/value.go:42.5,42.53 1 0
github.com/tietang/props/value.go:39.21,41.6 1 0
github.com/tietang/props/value.go:46.68,52.2 1 20
github.com/tietang/props/value.go:58.33,60.2 1 0
github.com/tietang/props/value.go:63.35,65.2 1 0
github.com/tietang/props/value.go:68.36,70.2 1 2
github.com/tietang/props/value.go:74.60,76.2 1 0
github.com/tietang/props/value.go:83.52,84.16 1 0
github.com/tietang/props/value.go:90.5,90.68 1 0
github.com/tietang/props/value.go:85.92,86.25 1 0
github.com/tietang/props/value.go:87.95,88.26 1 0
github.com/tietang/props/value.go:94.41,96.2 1 0
github.com/tietang/props/value.go:99.47,101.2 1 0
github.com/tietang/props/value.go:104.39,106.2 1 2
github.com/tietang/props/value.go:109.43,111.2 1 0
github.com/tietang/props/value.go:114.41,117.2 2 0
github.com/tietang/props/value.go:120.45,122.2 1 0
github.com/tietang/props/value.go:125.54,127.2 1 0
github.com/tietang/props/value.go:130.65,132.2 1 0
github.com/tietang/props/value.go:135.46,137.2 1 0
github.com/tietang/props/value.go:140.57,142.22 2 0
github.com/tietang/props/value.go:146.5,146.15 1 0
github.com/tietang/props/value.go:142.22,145.6 2 0
github.com/tietang/props/value.go:151.54,153.42 2 0
github.com/tietang/props/value.go:157.5,157.15 1 0
github.com/tietang/props/value.go:153.42,156.6 2 0
github.com/tietang/props/value.go:162.63,164.42 2 0
github.com/tietang/props/value.go:168.5,168.15 1 0
github.com/tietang/props/value.go:164.42,167.6 2 0
github.com/tietang/props/value.go:173.51,175.42 2 0
github.com/tietang/props/value.go:179.5,179.15 1 0
github.com/tietang/props/value.go:175.42,178.6 2 0
github.com/tietang/props/value.go:184.57,186.42 2 0
github.com/tietang/props/value.go:190.5,190.15 1 0
github.com/tietang/props/value.go:186.42,189.6 2 0
github.com/tietang/props/value.go:195.54,197.42 2 0
github.com/tietang/props/value.go:201.5,201.15 1 0
github.com/tietang/props/value.go:197.42,200.6 2 0
github.com/tietang/props/value.go:206.60,208.42 2 0
github.com/tietang/props/value.go:212.5,212.15 1 0
github.com/tietang/props/value.go:208.42,211.6 2 0
github.com/tietang/props/value.go:217.76,219.42 2 0
github.com/tietang/props/value.go:223.5,223.15 1 0
github.com/tietang/props/value.go:219.42,222.6 2 0
github.com/tietang/props/value.go:228.85,230.42 2 0
github.com/tietang/props/value.go:234.5,234.15 1 0
github.com/tietang/props/value.go:230.42,233.6 2 0
github.com/tietang/props/value.go:239.64,241.2 1 0
github.com/tietang/props/value.go:245.70,247.37 2 0
github.com/tietang/props/value.go:252.5,252.22 1 0
github.com/tietang/props/value.go:247.37,248.24 1 0
github.com/tietang/props/value.go:248.24,250.10 1 0
github.com/tietang/props/value.go:257.80,259.37 2 0
github.com/tietang/props/value.go:264.5,264.22 1 0
github.com/tietang/props/value.go:259.37,260.24 1 0
github.com/tietang/props/value.go:260.24,262.10 1 0
github.com/tietang/props/value.go:269.64,271.37 2 0
github.com/tietang/props/value.go:276.5,276.22 1 0
github.com/tietang/props/value.go:271.37,272.24 1 0
github.com/tietang/props/value.go:272.24,274.10 1 0
github.com/tietang/props/value.go:281.72,283.37 2 0
github.com/tietang/props/value.go:288.5,288.22 1 0
github.com/tietang/props/value.go:283.37,284.24 1 0
github.com/tietang/props/value.go:284.24,286.10 1 0
github.com/tietang/props/value.go:293.68,295.37 2 0
github.com/tietang/props/value.go:300.5,300.22 1 0
github.com/tietang/props/value.go:295.37,296.24 1 0
github.com/tietang/props/value.go:296.24,298.10 1 0
github.com/tietang/props/value.go:305.76,307.37 2 0
github.com/tietang/props/value.go:312.5,312.22 1 0
github.com/tietang/props/value.go:307.37,308.24 1 0
github.com/tietang/props/value.go:308.24,310.10 1 0
github.com/tietang/props/value.go:317.104,319.37 2 0
github.com/tietang/props/value.go:324.5,324.22 1 0
github.com/tietang/props/value.go:319.37,320.24 1 0
github.com/tietang/props/value.go:320.24,322.10 1 0
github.com/tietang/props/value.go:329.83,331.2 1 0
github.com/tietang/props/value.go:335.71,337.31 2 0
github.com/tietang/props/value.go:340.5,340.15 1 0
github.com/tietang/props/value.go:337.31,339.6 1 0
github.com/tietang/props/value.go:345.59,347.31 2 0
github.com/tietang/props/value.go:350.5,350.15 1 0
github.com/tietang/props/value.go:347.31,349.6 1 0
github.com/tietang/props/value.go:355.65,357.31 2 0
github.com/tietang/props/value.go:360.5,360.15 1 0
github.com/tietang/props/value.go:357.31,359.6 1 0
github.com/tietang/props/value.go:365.93,367.59 2 0
github.com/tietang/props/value.go:370.5,370.15 1 0
github.com/tietang/props/value.go:367.59,369.6 1 0
github.com/tietang/props/value.go:375.72,377.2 1 0
github.com/tietang/props/value.go:380.39,382.22 2 0
github.com/tietang/props/value.go:387.5,388.25 2 0
github.com/tietang/props/value.go:392.5,392.16 1 0
github.com/tietang/props/value.go:382.22,384.6 1 0
github.com/tietang/props/value.go:388.25,391.6 1 0
github.com/tietang/props/value.go:395.39,396.35 1 0
github.com/tietang/props/value.go:402.5,402.17 1 0
github.com/tietang/props/value.go:396.35,397.22 1 0
github.com/tietang/props/value.go:397.22,399.10 1 0
github.com/tietang/props/value.go:406.41,409.2 2 0
github.com/tietang/props/value.go:412.33,415.2 2 0
github.com/tietang/props/value.go:418.37,421.2 2 0
github.com/tietang/props/value.go:424.48,427.2 2 0
github.com/tietang/props/value.go:430.35,433.2 2 0
github.com/tietang/props/value.go:436.39,439.2 2 0
github.com/tietang/props/value.go:443.59,446.2 2 0
github.com/tietang/props/value.go:450.40,452.2 1 0
github.com/tietang/props/value.go:456.46,459.2 2 0
github.com/tietang/props/value.go:463.38,466.2 2 0
github.com/tietang/props/value.go:470.42,473.2 2 0
github.com/tietang/props/value.go:477.40,480.2 2 0
github.com/tietang/props/value.go:484.44,487.2 2 0
github.com/tietang/props/value.go:490.64,493.2 2 0
github.com/tietang/props/value.go:496.45,498.2 1 0
github.com/tietang/props/value.go:501.56,503.2 1 0
github.com/tietang/props/value.go:506.48,508.2 1 0
github.com/tietang/props/value.go:511.52,513.2 1 0
github.com/tietang/props/value.go:516.50,518.2 1 0
github.com/tietang/props/value.go:521.54,523.2 1 0
github.com/tietang/props/value.go:527.74,529.2 1 0
github.com/tietang/props/value.go:533.55,535.2 1 0
github.com/tietang/props/value.go:538.102,540.30 2 0
github.com/tietang/props/value.go:549.5,549.21 1 0
github.com/tietang/props/value.go:540.30,542.42 2 0
github.com/tietang/props/value.go:545.9,545.37 1 0
github.com/tietang/props/value.go:542.42,544.10 1 0
github.com/tietang/props/value.go:545.37,547.10 1 0
github.com/tietang/props/value.go:553.94,555.30 2 0
github.com/tietang/props/value.go:564.5,564.21 1 0
github.com/tietang/props/value.go:555.30,557.42 2 0
github.com/tietang/props/value.go:560.9,560.37 1 0
github.com/tietang/props/value.go:557.42,559.10 1 0
github.com/tietang/props/value.go:560.37,562.10 1 0
github.com/tietang/props/value.go:568.109,570.30 2 0
github.com/tietang/props/value.go:579.5,579.21 1 0
github.com/tietang/props/value.go:570.30,572.42 2 0
github.com/tietang/props/value.go:575.9,575.37 1 0
github.com/tietang/props/value.go:572.42,574.10 1 0
github.com/tietang/props/value.go:575.37,577.10 1 0
github.com/tietang/props/value.go:583.98,585.30 2 0
github.com/tietang/props/value.go:594.5,594.21 1 0
github.com/tietang/props/value.go:585.30,587.42 2 0
github.com/tietang/props/value.go:590.9,590.37 1 0
github.com/tietang/props/value.go:587.42,589.10 1 0
github.com/tietang/props/value.go:590.37,592.10 1 0
github.com/tietang/props/value.go:598.96,600.30 2 0
github.com/tietang/props/value.go:609.5,609.21 1 0
github.com/tietang/props/value.go:600.30,602.42 2 0
github.com/tietang/props/value.go:605.9,605.37 1 0
github.com/tietang/props/value.go:602.42,604.10 1 0
github.com/tietang/props/value.go:605.37,607.10 1 0
github.com/tietang/props/value.go:613.100,615.30 2 0
github.com/tietang/props/value.go:624.5,624.21 1 0
github.com/tietang/props/value.go:615.30,617.42 2 0
github.com/tietang/props/value.go:620.9,620.37 1 0
github.com/tietang/props/value.go:617.42,619.10 1 0
github.com/tietang/props/value.go:620.37,622.10 1 0
github.com/tietang/props/value.go:628.122,630.30 2 0
github.com/tietang/props/value.go:639.5,639.21 1 0
github.com/tietang/props/value.go:630.30,632.42 2 0
github.com/tietang/props/value.go:635.9,635.37 1 0
github.com/tietang/props/value.go:632.42,634.10 1 0
github.com/tietang/props/value.go:635.37,637.10 1 0
